<?xml version="1.0" encoding="UTF-8"?>
<!-- Generated by org.testng.reporters.JUnitXMLReporter -->
<testsuite ignored="0" hostname="LAPTOP-UJACL8U6" failures="0" tests="3" name="Submit Order Test" time="51.701" errors="0" timestamp="2025-04-29T13:55:18 IST">
  <testcase classname="EndToEndEcommerceFramework.tests.SubmitOrder" name="submitOrder" time="11.947"/>
  <testcase classname="EndToEndEcommerceFramework.tests.SubmitOrder" name="submitOrder" time="9.404"/>
  <testcase classname="EndToEndEcommerceFramework.tests.SubmitOrder" name="validateOrder" time="0.768"/>
</testsuite> <!-- Submit Order Test -->
