<?xml version="1.0" encoding="UTF-8"?>
<!-- Generated by org.testng.reporters.JUnitXMLReporter -->
<testsuite ignored="0" hostname="LAPTOP-UJACL8U6" failures="0" tests="3" name="Submit Order Test" time="39.148" errors="0" timestamp="2025-04-30T12:12:31 IST">
  <testcase classname="EndToEndEcommerceFramework.tests.SubmitOrder" name="submitOrder" time="11.884"/>
  <testcase classname="EndToEndEcommerceFramework.tests.SubmitOrder" name="submitOrder" time="11.562"/>
  <testcase classname="EndToEndEcommerceFramework.tests.SubmitOrder" name="validateOrder" time="1.593"/>
</testsuite> <!-- Submit Order Test -->
