<?xml version="1.0" encoding="UTF-8"?>
<!-- Generated by org.testng.reporters.JUnitXMLReporter -->
<testsuite ignored="0" hostname="LAPTOP-UJACL8U6" failures="0" tests="3" name="Submit Order Test" time="40.867" errors="0" timestamp="2025-04-30T00:37:28 IST">
  <testcase classname="EndToEndEcommerceFramework.tests.SubmitOrder" name="submitOrder" time="9.942"/>
  <testcase classname="EndToEndEcommerceFramework.tests.SubmitOrder" name="submitOrder" time="10.106"/>
  <testcase classname="EndToEndEcommerceFramework.tests.SubmitOrder" name="validateOrder" time="0.887"/>
</testsuite> <!-- Submit Order Test -->
